<?xml version="1.0" encoding="UTF-8"?>
<testsuite name="tests.RegTests" tests="1" skipped="0" failures="0" errors="0" timestamp="2022-06-20T15:13:48" hostname="WIN-6CQ3264SSN2" time="1.36">
  <properties/>
  <testcase name="registrationSuccess" classname="tests.RegTests" time="1.36"/>
  <system-out><![CDATA[]]></system-out>
  <system-err><![CDATA[Starting ChromeDriver 102.0.5005.61 (0e59bcc00cc4985ce39ad31c150065f159d95ad3-refs/branch-heads/5005@{#819}) on port 7898
Only local connections are allowed.
Please see https://chromedriver.chromium.org/security-considerations for suggestions on keeping ChromeDriver safe.
ChromeDriver was started successfully.
Jun 20, 2022 6:13:47 PM org.openqa.selenium.remote.ProtocolHandshake createSession
INFO: Detected dialect: W3C
]]></system-err>
</testsuite>
