<?xml version="1.0" encoding="UTF-8"?>
<testsuite name="tests.LoginTests" tests="1" skipped="0" failures="0" errors="0" timestamp="2022-06-22T11:52:23" hostname="WIN-6CQ3264SSN2" time="1.587">
  <properties/>
  <testcase name="loginSuccessNew" classname="tests.LoginTests" time="1.587"/>
  <system-out><![CDATA[]]></system-out>
  <system-err><![CDATA[]]></system-err>
</testsuite>
