<?xml version="1.0" encoding="UTF-8"?>
<testsuite name="tests.AddNewContactTests" tests="1" skipped="0" failures="0" errors="0" timestamp="2022-07-12T09:40:00" hostname="WIN-6CQ3264SSN2" time="3.196">
  <properties/>
  <testcase name="addNewContactSuccess" classname="tests.AddNewContactTests" time="3.196"/>
  <system-out><![CDATA[Ivan2400
2313121332400
]]></system-out>
  <system-err><![CDATA[]]></system-err>
</testsuite>
