<?xml version="1.0" encoding="UTF-8"?>
<testsuite name="tests.RegTests" tests="1" skipped="0" failures="0" errors="0" timestamp="2022-06-22T11:52:25" hostname="WIN-6CQ3264SSN2" time="0.861">
  <properties/>
  <testcase name="registrationSuccess" classname="tests.RegTests" time="0.861"/>
  <system-out><![CDATA[]]></system-out>
  <system-err><![CDATA[]]></system-err>
</testsuite>
